aliceblue
antiquewhite4
aquamarine4
azure4
bisque3
blue1
burlywood
cadetblue
chartreuse
chocolate
coral
cornflowerblue
cornsilk4
cyan3
darkgoldenrod3
darkolivegreen1
darkorange1
darkorchid1
darkseagreen
deeppink1
deepskyblue1
gold
goldenrod
antiquewhite
aquamarine
azure
beige
bisque4
blue2
brown1
burlywood1
cadetblue1
chartreuse1
chocolate1
coral1
cornsilk
crimson
cyan4
darkolivegreen2
darkorange2
darkorchid2
darkseagreen1
deeppink2
deepskyblue2
dodgerblue
floralwhite
gold1
goldenrod1
antiquewhite1
aquamarine1
azure1
bisque
blue3
brown2
burlywood2
cadetblue2
chartreuse2
chocolate2
coral2
cornsilk1
cyan
darkgoldenrod
darkolivegreen3
darkorange3
darkorchid3
darkseagreen2
darkslategray1
darkturquoise
deepskyblue3
dodgerblue1
firebrick1
forestgreen
gold2
goldenrod2
antiquewhite2
aquamarine2
azure2
bisque1
blanchedalmond
brown3
burlywood3
cadetblue3
chartreuse3
chocolate3
coral3
cornsilk2
cyan1
darkgoldenrod1
darkkhaki
darkolivegreen4
darkorange4
darkorchid4
darkseagreen3
darkslategray2
darkviolet
deepskyblue4
dodgerblue2
firebrick2
gainsboro
gold3
goldenrod3
antiquewhite3
aquamarine3
azure3
bisque2
blue
blueviolet
cornsilk3
cyan2
darkgoldenrod2
darkorange
darkorchid
darksalmon
darkseagreen4
darkslategray3
deeppink
deepskyblue
dodgerblue3
firebrick3
ghostwhite
gold4
goldenrod4
honeydew3
hotpink
indianred
indigo
ivory3
khaki3
lavenderblush2
lemonchiffon1
lightblue1
lightcyan
lightgoldenrod
lightgoldenrodyellow
lightpink2
lightsalmon2
lightskyblue1
lightslategray
lightsteelblue3
lightyellow3
magenta1
maroon1
mediumblue
mediumorchid4
mediumpurple4
mediumvioletred
mistyrose2
navajowhite1
navyblue
olivedrab2
orange2
orangered2
orchid2
palegreen1
paleturquoise1
palevioletred1
peachpuff
peru
pink4
plum4
purple3
red3
rosybrown3
royalblue3
salmon2
seagreen1
seashell1
sienna1
skyblue1
slateblue1
slategray1
snow
springgreen
steelblue
tan
thistle
tomato
transparent
turquoise4
violetred3
wheat3
yellow1
honeydew4
hotpink1
indianred1
invis
ivory4
khaki4
lavenderblush3
lemonchiffon2
lightblue2
lightcyan1
lightgoldenrod1
lightgray
lightpink3
lightsalmon3
lightskyblue2
lightslategrey
lightsteelblue4
lightyellow4
magenta2
maroon2
mediumorchid
mediumpurple
mediumseagreen
midnightblue
mistyrose3
navajowhite2
none
olivedrab3
orange3
orangered3
orchid3
palegreen2
paleturquoise2
palevioletred2
peachpuff1
pink
plum
powderblue
purple4
red4
rosybrown4
royalblue4
salmon3
seagreen2
seashell2
sienna2
skyblue2
slateblue2
slategray2
snow1
springgreen1
steelblue1
tan1
thistle1
tomato1
turquoise
violet
violetred4
wheat4
yellow2
hotpink2
indianred2
ivory
khaki
lavender
lavenderblush4
lemonchiffon3
lightblue3
lightcyan2
lightgoldenrod2
lightgrey
lightpink4
lightsalmon4
lightskyblue3
lightsteelblue
lightyellow
limegreen
magenta3
maroon3
mediumorchid1
mediumpurple1
mediumslateblue
mintcream
mistyrose4
navajowhite3
oldlace
olivedrab4
orange4
orangered4
orchid4
palegreen3
paleturquoise3
palevioletred3
peachpuff2
pink1
plum1
purple
red
rosybrown
royalblue
saddlebrown
salmon4
seagreen3
seashell3
sienna3
skyblue3
slateblue3
slategray3
snow2
springgreen2
steelblue2
tan2
thistle2
tomato2
turquoise1
violetred
wheat
white
yellow3
hotpink3
indianred3
ivory1
khaki1
lavenderblush
lawngreen
lemonchiffon4
lightblue4
lightcyan3
lightgoldenrod3
lightpink
lightsalmon
lightseagreen
lightskyblue4
lightsteelblue1
lightyellow1
linen
magenta4
maroon4
mediumorchid2
mediumpurple2
mediumspringgreen
mistyrose
moccasin
navajowhite4
olivedrab
orange
orangered
orchid
palegoldenrod
palegreen4
paleturquoise4
palevioletred4
peachpuff3
pink2
plum2
purple1
red1
rosybrown1
royalblue1
salmon
sandybrown
seagreen4
seashell4
sienna4
skyblue4
slateblue4
slategray4
snow3
springgreen3
steelblue3
tan3
thistle3
tomato3
turquoise2
violetred1
wheat1
whitesmoke
yellow4
hotpink4
indianred4
ivory2
khaki2
lavenderblush1
lemonchiffon
lightblue
lightcoral
lightcyan4
lightgoldenrod4
lightpink1
lightsalmon1
lightskyblue
lightslateblue
lightsteelblue2
lightyellow2
magenta
maroon
mediumaquamarine
mediumorchid3
mediumpurple3
mediumturquoise
mistyrose1
navajowhite
navy
olivedrab1
orange1
orangered1
orchid1
palegreen
paleturquoise
palevioletred
papayawhip
peachpuff4
pink3
plum3
purple2
red2
rosybrown2
royalblue2
salmon1
seagreen
seashell
sienna
skyblue
slateblue
slategray
slategrey
snow4
springgreen4
steelblue4
tan4
thistle4
tomato4
turquoise3
violetred2
wheat2
yellow
yellowgreen
